<?xml version="1.0" encoding="UTF-8"?>
<!-- Generated by org.testng.reporters.JUnitXMLReporter -->
<testsuite ignored="0" hostname="LAPTOP-FSI2IFA8" failures="0" tests="4" name="Default test" time="3.098" errors="0" timestamp="2022-09-02T17:55:04 IST">
  <testcase classname="test.BasicTestNG" name="demo" time="0.008"/>
  <testcase classname="test.BasicTestNG" name="test2" time="0.002"/>
  <testcase classname="test.BasicTestNG" name="test2" time="0.0"/>
  <testcase classname="test.Test3" name="moba" time="3.053"/>
</testsuite> <!-- Default test -->
