<?xml version="1.0" encoding="UTF-8"?>
<testng-results ignored="0" total="6" passed="6" failed="0" skipped="0">
  <reporter-output>
  </reporter-output>
  <suite started-at="2022-09-04T15:21:49 IST" name="Suite" finished-at="2022-09-04T15:21:49 IST" duration-ms="35">
    <groups>
    </groups>
    <test started-at="2022-09-04T15:21:49 IST" name="Test" finished-at="2022-09-04T15:21:49 IST" duration-ms="35">
      <class name="steampowered.com.SelTest">
        <test-method signature="demo()[pri:0, instance:steampowered.com.SelTest@6193932a]" started-at="2022-09-04T15:21:49 IST" name="demo" finished-at="2022-09-04T15:21:49 IST" duration-ms="4" status="PASS">
          <reporter-output>
          </reporter-output>
        </test-method> <!-- demo -->
        <test-method signature="demotest()[pri:0, instance:steampowered.com.SelTest@6193932a]" started-at="2022-09-04T15:21:49 IST" name="demotest" finished-at="2022-09-04T15:21:49 IST" duration-ms="1" status="PASS">
          <reporter-output>
          </reporter-output>
        </test-method> <!-- demotest -->
      </class> <!-- steampowered.com.SelTest -->
      <class name="steampowered.com.GTest">
        <test-method signature="demoG()[pri:0, instance:steampowered.com.GTest@48fa0f47]" started-at="2022-09-04T15:21:49 IST" name="demoG" finished-at="2022-09-04T15:21:49 IST" duration-ms="1" status="PASS">
          <reporter-output>
          </reporter-output>
        </test-method> <!-- demoG -->
        <test-method signature="demotestGG()[pri:0, instance:steampowered.com.GTest@48fa0f47]" started-at="2022-09-04T15:21:49 IST" name="demotestGG" finished-at="2022-09-04T15:21:49 IST" duration-ms="0" status="PASS">
          <reporter-output>
          </reporter-output>
        </test-method> <!-- demotestGG -->
      </class> <!-- steampowered.com.GTest -->
      <class name="steampowered.com.SteamTest">
        <test-method signature="demotestee()[pri:0, instance:steampowered.com.SteamTest@6ac13091]" started-at="2022-09-04T15:21:49 IST" name="demotestee" finished-at="2022-09-04T15:21:49 IST" duration-ms="1" status="PASS">
          <reporter-output>
          </reporter-output>
        </test-method> <!-- demotestee -->
        <test-method signature="demotestttttt()[pri:0, instance:steampowered.com.SteamTest@6ac13091]" started-at="2022-09-04T15:21:49 IST" name="demotestttttt" finished-at="2022-09-04T15:21:49 IST" duration-ms="1" status="PASS">
          <reporter-output>
          </reporter-output>
        </test-method> <!-- demotestttttt -->
      </class> <!-- steampowered.com.SteamTest -->
    </test> <!-- Test -->
  </suite> <!-- Suite -->
</testng-results>
