<?xml version="1.0" encoding="UTF-8"?>
<!-- Generated by org.testng.reporters.JUnitXMLReporter -->
<testsuite ignored="0" hostname="LAPTOP-FSI2IFA8" failures="0" tests="6" name="Test" time="0.035" errors="0" timestamp="2022-09-04T15:21:49 IST">
  <testcase classname="steampowered.com.SelTest" name="demo" time="0.004"/>
  <testcase classname="steampowered.com.SelTest" name="demotest" time="0.001"/>
  <testcase classname="steampowered.com.GTest" name="demoG" time="0.001"/>
  <testcase classname="steampowered.com.GTest" name="demotestGG" time="0.0"/>
  <testcase classname="steampowered.com.SteamTest" name="demotestee" time="0.001"/>
  <testcase classname="steampowered.com.SteamTest" name="demotestttttt" time="0.001"/>
</testsuite> <!-- Test -->
