<?xml version="1.0" encoding="UTF-8"?>
<!-- Generated by org.testng.reporters.JUnitXMLReporter -->
<testsuite ignored="0" hostname="LAPTOP-FSI2IFA8" failures="0" tests="4" name="Surefire test" time="0.033" errors="0" timestamp="2022-09-04T14:21:45 IST">
  <testcase classname="steampowered.com.SelTest" name="demo" time="0.004"/>
  <testcase classname="steampowered.com.SelTest" name="demotest" time="0.0"/>
  <testcase classname="steampowered.com.SteamTest" name="demotestee" time="0.0"/>
  <testcase classname="steampowered.com.SteamTest" name="demotestttttt" time="0.0"/>
</testsuite> <!-- Surefire test -->
