<?xml version="1.0" encoding="UTF-8"?>
<testng-results ignored="1" total="2" passed="1" failed="0" skipped="0">
  <reporter-output>
  </reporter-output>
  <suite started-at="2022-09-03T21:15:55 IST" name="Default suite" finished-at="2022-09-03T21:15:55 IST" duration-ms="31">
    <groups>
    </groups>
    <test started-at="2022-09-03T21:15:55 IST" name="Default test" finished-at="2022-09-03T21:15:55 IST" duration-ms="31">
      <class name="steampowered.com.Seltest">
        <test-method signature="demo()[pri:0, instance:steampowered.com.Seltest@48fa0f47]" started-at="2022-09-03T21:15:55 IST" name="demo" finished-at="2022-09-03T21:15:55 IST" duration-ms="7" status="PASS">
          <reporter-output>
          </reporter-output>
        </test-method> <!-- demo -->
      </class> <!-- steampowered.com.Seltest -->
    </test> <!-- Default test -->
  </suite> <!-- Default suite -->
</testng-results>
