<?xml version="1.0" encoding="UTF-8"?>
<!-- Generated by org.testng.reporters.JUnitXMLReporter -->
<testsuite ignored="0" hostname="LAPTOP-FSI2IFA8" failures="1" tests="8" name="Test" time="0.044" errors="0" timestamp="2022-09-01T16:30:46 IST">
  <testcase classname="test.BasicTestNG" name="demo" time="0.007">
    <failure type="java.lang.AssertionError" message="expected [true] but found [false]">
      <![CDATA[java.lang.AssertionError: expected [true] but found [false]
at test.BasicTestNG.demo(BasicTestNG.java:13)
at java.base/java.util.ArrayList.forEach(ArrayList.java:1511)
... Removed 29 stack frames]]>
    </failure>
  </testcase> <!-- demo -->
  <testcase classname="test.BasicTestNG" name="test2" time="0.003"/>
  <testcase classname="test.BasicTestNG" name="test2" time="0.001"/>
  <testcase classname="test.Test2" name="BFMethod" time="0.001"/>
  <testcase classname="test.Test2" name="PCcod" time="0.001"/>
  <testcase classname="test.Test2" name="PCfps" time="0.0"/>
  <testcase classname="test.Test2" name="Xboxhunt" time="0.001"/>
  <testcase classname="test.Test2" name="maintest" time="0.001"/>
</testsuite> <!-- Test -->
